  [1m[35m (683.7ms)[0m  [1m[35mCREATE DATABASE "lofiproject_development" ENCODING = 'unicode'[0m
  [1m[35m (409.0ms)[0m  [1m[35mCREATE DATABASE "lofiproject_test" ENCODING = 'unicode'[0m
  [1m[35m (53.7ms)[0m  [1m[35mCREATE TABLE "schema_migrations" ("version" character varying NOT NULL PRIMARY KEY)[0m
  [1m[35m (29.2ms)[0m  [1m[35mCREATE TABLE "ar_internal_metadata" ("key" character varying NOT NULL PRIMARY KEY, "value" character varying, "created_at" timestamp(6) NOT NULL, "updated_at" timestamp(6) NOT NULL)[0m
  [1m[35m (1.2ms)[0m  [1m[34mSELECT pg_try_advisory_lock(4258526126755532625)[0m
  [1m[35m (1.4ms)[0m  [1m[34mSELECT "schema_migrations"."version" FROM "schema_migrations" ORDER BY "schema_migrations"."version" ASC[0m
Migrating to CreateUsers (20191004172451)
  [1m[35m (40.7ms)[0m  [1m[35mBEGIN[0m
  [1m[35m (12.5ms)[0m  [1m[35mCREATE TABLE "users" ("id" bigserial primary key, "username" character varying, "email" character varying, "password_digest" character varying, "industry_type" character varying, "created_at" timestamp(6) NOT NULL, "updated_at" timestamp(6) NOT NULL)[0m
  [1m[36mprimary::SchemaMigration Create (2.8ms)[0m  [1m[32mINSERT INTO "schema_migrations" ("version") VALUES ($1) RETURNING "version"[0m  [["version", "20191004172451"]]
  [1m[35m (1.2ms)[0m  [1m[35mCOMMIT[0m
  [1m[36mActiveRecord::InternalMetadata Load (0.6ms)[0m  [1m[34mSELECT "ar_internal_metadata".* FROM "ar_internal_metadata" WHERE "ar_internal_metadata"."key" = $1 LIMIT $2[0m  [["key", "environment"], ["LIMIT", 1]]
  [1m[35m (0.3ms)[0m  [1m[35mBEGIN[0m
  [1m[36mActiveRecord::InternalMetadata Create (2.1ms)[0m  [1m[32mINSERT INTO "ar_internal_metadata" ("key", "value", "created_at", "updated_at") VALUES ($1, $2, $3, $4) RETURNING "key"[0m  [["key", "environment"], ["value", "development"], ["created_at", "2019-10-04 17:41:00.625953"], ["updated_at", "2019-10-04 17:41:00.625953"]]
  [1m[35m (0.3ms)[0m  [1m[35mCOMMIT[0m
  [1m[35m (0.2ms)[0m  [1m[34mSELECT pg_advisory_unlock(4258526126755532625)[0m
  [1m[35m (1.7ms)[0m  [1m[34mSELECT "schema_migrations"."version" FROM "schema_migrations" ORDER BY "schema_migrations"."version" ASC[0m
Started GET "/" for ::1 at 2019-10-04 13:41:28 -0400
  [1m[35m (2.6ms)[0m  [1m[34mSELECT "schema_migrations"."version" FROM "schema_migrations" ORDER BY "schema_migrations"."version" ASC[0m
Processing by Rails::WelcomeController#index as HTML
  Rendering /Users/tommyliang/.rbenv/versions/2.6.3/lib/ruby/gems/2.6.0/gems/railties-6.0.0/lib/rails/templates/rails/welcome/index.html.erb
  Rendered /Users/tommyliang/.rbenv/versions/2.6.3/lib/ruby/gems/2.6.0/gems/railties-6.0.0/lib/rails/templates/rails/welcome/index.html.erb (Duration: 13.4ms | Allocations: 489)
Completed 200 OK in 55ms (Views: 41.6ms | ActiveRecord: 0.0ms | Allocations: 2697)


Started GET "/favicon.ico" for ::1 at 2019-10-04 13:41:29 -0400
  
ActionController::RoutingError (No route matches [GET] "/favicon.ico"):
  
actionpack (6.0.0) lib/action_dispatch/middleware/debug_exceptions.rb:36:in `call'
actionpack (6.0.0) lib/action_dispatch/middleware/show_exceptions.rb:33:in `call'
railties (6.0.0) lib/rails/rack/logger.rb:38:in `call_app'
railties (6.0.0) lib/rails/rack/logger.rb:26:in `block in call'
activesupport (6.0.0) lib/active_support/tagged_logging.rb:80:in `block in tagged'
activesupport (6.0.0) lib/active_support/tagged_logging.rb:28:in `tagged'
activesupport (6.0.0) lib/active_support/tagged_logging.rb:80:in `tagged'
railties (6.0.0) lib/rails/rack/logger.rb:26:in `call'
actionpack (6.0.0) lib/action_dispatch/middleware/remote_ip.rb:81:in `call'
actionpack (6.0.0) lib/action_dispatch/middleware/request_id.rb:27:in `call'
rack (2.0.7) lib/rack/runtime.rb:22:in `call'
activesupport (6.0.0) lib/active_support/cache/strategy/local_cache_middleware.rb:29:in `call'
actionpack (6.0.0) lib/action_dispatch/middleware/executor.rb:14:in `call'
actionpack (6.0.0) lib/action_dispatch/middleware/static.rb:126:in `call'
rack (2.0.7) lib/rack/sendfile.rb:111:in `call'
actionpack (6.0.0) lib/action_dispatch/middleware/host_authorization.rb:83:in `call'
rack-cors (1.0.3) lib/rack/cors.rb:95:in `call'
railties (6.0.0) lib/rails/engine.rb:526:in `call'
puma (3.12.1) lib/puma/configuration.rb:227:in `call'
puma (3.12.1) lib/puma/server.rb:660:in `handle_request'
puma (3.12.1) lib/puma/server.rb:474:in `process_client'
puma (3.12.1) lib/puma/server.rb:334:in `block in run'
puma (3.12.1) lib/puma/thread_pool.rb:135:in `block in spawn_thread'
Started POST "/users" for ::1 at 2019-10-04 13:48:03 -0400
Processing by UsersController#create as */*
  Parameters: {"users"=>{"email"=>"email@email.com", "username"=>"username", "password"=>"[FILTERED]", "industry_type"=>"software"}, "user"=>{}}
Completed 400 Bad Request in 1ms (ActiveRecord: 4.6ms | Allocations: 221)


  
ActionController::ParameterMissing (param is missing or the value is empty: user):
  
app/controllers/users_controller.rb:50:in `user_params'
app/controllers/users_controller.rb:19:in `create'
Started POST "/users" for ::1 at 2019-10-04 13:48:11 -0400
Processing by UsersController#create as */*
  Parameters: {"user"=>{"email"=>"email@email.com", "username"=>"username", "password"=>"[FILTERED]", "industry_type"=>"software"}}
  [1m[35m (0.2ms)[0m  [1m[35mBEGIN[0m
  ↳ app/controllers/users_controller.rb:21:in `create'
  [1m[36mUser Exists? (2.5ms)[0m  [1m[34mSELECT 1 AS one FROM "users" WHERE "users"."username" = $1 LIMIT $2[0m  [["username", "username"], ["LIMIT", 1]]
  ↳ app/controllers/users_controller.rb:21:in `create'
  [1m[36mUser Exists? (0.3ms)[0m  [1m[34mSELECT 1 AS one FROM "users" WHERE "users"."email" = $1 LIMIT $2[0m  [["email", "email@email.com"], ["LIMIT", 1]]
  ↳ app/controllers/users_controller.rb:21:in `create'
  [1m[36mUser Create (41.9ms)[0m  [1m[32mINSERT INTO "users" ("username", "email", "password_digest", "industry_type", "created_at", "updated_at") VALUES ($1, $2, $3, $4, $5, $6) RETURNING "id"[0m  [["username", "username"], ["email", "email@email.com"], ["password_digest", "$2a$12$JXqgSzCZOrae6XFZMgHah.WH3.SatQSc4MkoABJw3Y9b49rrxGZeK"], ["industry_type", "software"], ["created_at", "2019-10-04 17:48:11.686728"], ["updated_at", "2019-10-04 17:48:11.686728"]]
  ↳ app/controllers/users_controller.rb:21:in `create'
  [1m[35m (1.1ms)[0m  [1m[35mCOMMIT[0m
  ↳ app/controllers/users_controller.rb:21:in `create'
Completed 201 Created in 384ms (Views: 1.4ms | ActiveRecord: 48.3ms | Allocations: 9395)


Started POST "/auth/login" for ::1 at 2019-10-04 13:49:12 -0400
Error occurred while parsing request parameters.
Contents:

{
		"email": "email@email.com",
		"password": "$2a$12$JXqgSzCZOrae6XFZMgHah.WH3.SatQSc4MkoABJw3Y9b49rrxGZeK",
}
  
ActionDispatch::Http::Parameters::ParseError (767: unexpected token at '{
		"email": "email@email.com",
		"password": "$2a$12$JXqgSzCZOrae6XFZMgHah.WH3.SatQSc4MkoABJw3Y9b49rrxGZeK",
}'):
  
actionpack (6.0.0) lib/action_dispatch/http/parameters.rb:115:in `rescue in parse_formatted_parameters'
actionpack (6.0.0) lib/action_dispatch/http/parameters.rb:111:in `parse_formatted_parameters'
actionpack (6.0.0) lib/action_dispatch/http/request.rb:381:in `block in POST'
rack (2.0.7) lib/rack/request.rb:59:in `fetch'
rack (2.0.7) lib/rack/request.rb:59:in `fetch_header'
actionpack (6.0.0) lib/action_dispatch/http/request.rb:380:in `POST'
actionpack (6.0.0) lib/action_dispatch/http/parameters.rb:55:in `parameters'
actionpack (6.0.0) lib/action_controller/metal/params_wrapper.rb:279:in `_wrapper_enabled?'
actionpack (6.0.0) lib/action_controller/metal/params_wrapper.rb:244:in `process_action'
activerecord (6.0.0) lib/active_record/railties/controller_runtime.rb:27:in `process_action'
actionpack (6.0.0) lib/abstract_controller/base.rb:136:in `process'
actionpack (6.0.0) lib/action_controller/metal.rb:191:in `dispatch'
actionpack (6.0.0) lib/action_controller/metal.rb:252:in `dispatch'
actionpack (6.0.0) lib/action_dispatch/routing/route_set.rb:51:in `dispatch'
actionpack (6.0.0) lib/action_dispatch/routing/route_set.rb:33:in `serve'
actionpack (6.0.0) lib/action_dispatch/journey/router.rb:49:in `block in serve'
actionpack (6.0.0) lib/action_dispatch/journey/router.rb:32:in `each'
actionpack (6.0.0) lib/action_dispatch/journey/router.rb:32:in `serve'
actionpack (6.0.0) lib/action_dispatch/routing/route_set.rb:837:in `call'
rack (2.0.7) lib/rack/etag.rb:25:in `call'
rack (2.0.7) lib/rack/conditional_get.rb:38:in `call'
rack (2.0.7) lib/rack/head.rb:12:in `call'
activerecord (6.0.0) lib/active_record/migration.rb:567:in `call'
actionpack (6.0.0) lib/action_dispatch/middleware/callbacks.rb:27:in `block in call'
activesupport (6.0.0) lib/active_support/callbacks.rb:101:in `run_callbacks'
actionpack (6.0.0) lib/action_dispatch/middleware/callbacks.rb:26:in `call'
actionpack (6.0.0) lib/action_dispatch/middleware/executor.rb:14:in `call'
actionpack (6.0.0) lib/action_dispatch/middleware/actionable_exceptions.rb:17:in `call'
actionpack (6.0.0) lib/action_dispatch/middleware/debug_exceptions.rb:32:in `call'
actionpack (6.0.0) lib/action_dispatch/middleware/show_exceptions.rb:33:in `call'
railties (6.0.0) lib/rails/rack/logger.rb:38:in `call_app'
railties (6.0.0) lib/rails/rack/logger.rb:26:in `block in call'
activesupport (6.0.0) lib/active_support/tagged_logging.rb:80:in `block in tagged'
activesupport (6.0.0) lib/active_support/tagged_logging.rb:28:in `tagged'
activesupport (6.0.0) lib/active_support/tagged_logging.rb:80:in `tagged'
railties (6.0.0) lib/rails/rack/logger.rb:26:in `call'
actionpack (6.0.0) lib/action_dispatch/middleware/remote_ip.rb:81:in `call'
actionpack (6.0.0) lib/action_dispatch/middleware/request_id.rb:27:in `call'
rack (2.0.7) lib/rack/runtime.rb:22:in `call'
activesupport (6.0.0) lib/active_support/cache/strategy/local_cache_middleware.rb:29:in `call'
actionpack (6.0.0) lib/action_dispatch/middleware/executor.rb:14:in `call'
actionpack (6.0.0) lib/action_dispatch/middleware/static.rb:126:in `call'
rack (2.0.7) lib/rack/sendfile.rb:111:in `call'
actionpack (6.0.0) lib/action_dispatch/middleware/host_authorization.rb:83:in `call'
rack-cors (1.0.3) lib/rack/cors.rb:95:in `call'
railties (6.0.0) lib/rails/engine.rb:526:in `call'
puma (3.12.1) lib/puma/configuration.rb:227:in `call'
puma (3.12.1) lib/puma/server.rb:660:in `handle_request'
puma (3.12.1) lib/puma/server.rb:474:in `process_client'
puma (3.12.1) lib/puma/server.rb:334:in `block in run'
puma (3.12.1) lib/puma/thread_pool.rb:135:in `block in spawn_thread'
Error occurred while parsing request parameters.
Contents:

{
		"email": "email@email.com",
		"password": "$2a$12$JXqgSzCZOrae6XFZMgHah.WH3.SatQSc4MkoABJw3Y9b49rrxGZeK",
}
Started POST "/auth/login" for ::1 at 2019-10-04 13:49:47 -0400
Processing by AuthenticationController#login as */*
  Parameters: {"username"=>"username", "password"=>"[FILTERED]", "authentication"=>{"username"=>"username", "password"=>"[FILTERED]"}}
  [1m[36mUser Load (5.7ms)[0m  [1m[34mSELECT "users".* FROM "users" WHERE "users"."username" = $1 LIMIT $2[0m  [["username", "username"], ["LIMIT", 1]]
  ↳ app/controllers/authentication_controller.rb:6:in `login'
Completed 200 OK in 307ms (Views: 0.3ms | ActiveRecord: 6.9ms | Allocations: 1207)


